<?xml version="1.0" encoding="UTF-8"?>
<!-- Generated by org.testng.reporters.JUnitReportReporter -->
<testsuite hostname="LAPTOP-L888O87P" failures="0" tests="1" name="CountriesSkype.GETCountry" time="5.510" errors="0" timestamp="2022-06-02T15:50:10 IST" skipped="0">
  <testcase classname="CountriesSkype.GETCountry" name="GetUsers" time="5.510"/>
  <system-out/>
</testsuite> <!-- CountriesSkype.GETCountry -->
